Concurrency interview study — run-all failure log
Started: 2026-04-12T19:49:46.313660522Z
(One file for every failure in this run; not one file per lesson.)

================================================================================
Lesson 50 — SynchronousQueue direct handoff.
Recorded: 2026-04-12T19:49:46.314624640Z
--------------------------------------------------------------------------------
java.util.concurrent.RejectedExecutionException: Task java.util.concurrent.FutureTask@79b58aa5[Not completed, task = java.util.concurrent.Executors$RunnableAdapter@c6af698[Wrapped task = com.example.concurrency.interview.demos.DemoBackpressure$$Lambda/0x00007e526c4e97b8@5f5d779c]] rejected from java.util.concurrent.ThreadPoolExecutor@648bd61[Running, pool size = 2, active threads = 2, queued tasks = 0, completed tasks = 0]
	at java.base/java.util.concurrent.ThreadPoolExecutor$AbortPolicy.rejectedExecution(ThreadPoolExecutor.java:2081)
	at java.base/java.util.concurrent.ThreadPoolExecutor.reject(ThreadPoolExecutor.java:841)
	at java.base/java.util.concurrent.ThreadPoolExecutor.execute(ThreadPoolExecutor.java:1376)
	at java.base/java.util.concurrent.AbstractExecutorService.submit(AbstractExecutorService.java:123)
	at com.example.concurrency.interview.demos.DemoBackpressure.l50(DemoBackpressure.java:94)
	at com.example.concurrency.interview.lesson.ConcurrencyLesson.run(ConcurrencyLesson.java:156)
	at com.example.concurrency.interview.cli.ConcurrencyStudyCli.runLesson(ConcurrencyStudyCli.java:113)
	at com.example.concurrency.interview.cli.ConcurrencyStudyCli$RunAll.lambda$call$0(ConcurrencyStudyCli.java:100)
	at com.example.interview.studycli.runall.StudyRunAllExecutor.execute(StudyRunAllExecutor.java:36)
	at com.example.concurrency.interview.cli.ConcurrencyStudyCli$RunAll.call(ConcurrencyStudyCli.java:103)
	at com.example.concurrency.interview.cli.ConcurrencyStudyCli$RunAll.call(ConcurrencyStudyCli.java:83)
	at picocli.CommandLine.executeUserObject(CommandLine.java:2041)
	at picocli.CommandLine.access$1500(CommandLine.java:148)
	at picocli.CommandLine$RunLast.executeUserObjectOfLastSubcommandWithSameParent(CommandLine.java:2461)
	at picocli.CommandLine$RunLast.handle(CommandLine.java:2453)
	at picocli.CommandLine$RunLast.handle(CommandLine.java:2415)
	at picocli.CommandLine$AbstractParseResultHandler.execute(CommandLine.java:2273)
	at picocli.CommandLine$RunLast.execute(CommandLine.java:2417)
	at picocli.CommandLine.execute(CommandLine.java:2170)
	at com.example.concurrency.interview.cli.ConcurrencyStudyCli.main(ConcurrencyStudyCli.java:45)
	at org.codehaus.mojo.exec.ExecJavaMojo.doMain(ExecJavaMojo.java:385)
	at org.codehaus.mojo.exec.ExecJavaMojo.doExec(ExecJavaMojo.java:374)
	at org.codehaus.mojo.exec.ExecJavaMojo.lambda$execute$0(ExecJavaMojo.java:296)
	at java.base/java.lang.Thread.run(Thread.java:1583)

