Spring Data interview study — run-all failure log
Started: 2026-04-12T18:21:07.439875121Z
(One file for every failure in this run; not one file per lesson.)

================================================================================
Lesson 12 — JPQL constructor expressions for DTO / class-based reads.
Recorded: 2026-04-12T18:21:07.440885495Z
--------------------------------------------------------------------------------
org.springframework.dao.InvalidDataAccessApiUsageException: For queries with named parameters you need to provide names for method parameters; Use @Param for query method parameters, or when on Java 8+ use the javac flag -parameters
	at org.springframework.orm.jpa.EntityManagerFactoryUtils.convertJpaAccessExceptionIfPossible(EntityManagerFactoryUtils.java:368)
	at org.springframework.orm.jpa.vendor.HibernateJpaDialect.translateExceptionIfPossible(HibernateJpaDialect.java:246)
	at org.springframework.orm.jpa.AbstractEntityManagerFactoryBean.translateExceptionIfPossible(AbstractEntityManagerFactoryBean.java:560)
	at org.springframework.dao.support.ChainedPersistenceExceptionTranslator.translateExceptionIfPossible(ChainedPersistenceExceptionTranslator.java:61)
	at org.springframework.dao.support.DataAccessUtils.translateIfNecessary(DataAccessUtils.java:343)
	at org.springframework.dao.support.PersistenceExceptionTranslationInterceptor.invoke(PersistenceExceptionTranslationInterceptor.java:160)
	at org.springframework.aop.framework.ReflectiveMethodInvocation.proceed(ReflectiveMethodInvocation.java:184)
	at org.springframework.data.jpa.repository.support.CrudMethodMetadataPostProcessor$CrudMethodMetadataPopulatingMethodInterceptor.invoke(CrudMethodMetadataPostProcessor.java:136)
	at org.springframework.aop.framework.ReflectiveMethodInvocation.proceed(ReflectiveMethodInvocation.java:184)
	at org.springframework.aop.framework.JdkDynamicAopProxy.invoke(JdkDynamicAopProxy.java:223)
	at jdk.proxy3/jdk.proxy3.$Proxy170.findDtosByAuthor(Unknown Source)
	at com.example.springdata.interview.sddata.config.SpringDataLessons01To17Config.lambda$lesson12$11(SpringDataLessons01To17Config.java:209)
	at com.example.springdata.interview.sddata.StudyLessonFactory$1.run(StudyLessonFactory.java:19)
	at com.example.springdata.interview.sddata.LessonRuntime.runLesson(LessonRuntime.java:28)
	at com.example.springdata.interview.lesson.SpringDataLesson.run(SpringDataLesson.java:86)
	at com.example.springdata.interview.cli.SpringDataStudyCli.runLesson(SpringDataStudyCli.java:134)
	at com.example.springdata.interview.cli.SpringDataStudyCli$RunAll.call(SpringDataStudyCli.java:106)
	at com.example.springdata.interview.cli.SpringDataStudyCli$RunAll.call(SpringDataStudyCli.java:88)
	at picocli.CommandLine.executeUserObject(CommandLine.java:2041)
	at picocli.CommandLine.access$1500(CommandLine.java:148)
	at picocli.CommandLine$RunLast.executeUserObjectOfLastSubcommandWithSameParent(CommandLine.java:2461)
	at picocli.CommandLine$RunLast.handle(CommandLine.java:2453)
	at picocli.CommandLine$RunLast.handle(CommandLine.java:2415)
	at picocli.CommandLine$AbstractParseResultHandler.execute(CommandLine.java:2273)
	at picocli.CommandLine$RunLast.execute(CommandLine.java:2417)
	at picocli.CommandLine.execute(CommandLine.java:2170)
	at com.example.springdata.interview.cli.SpringDataStudyCli.main(SpringDataStudyCli.java:50)
	at org.codehaus.mojo.exec.ExecJavaMojo.doMain(ExecJavaMojo.java:385)
	at org.codehaus.mojo.exec.ExecJavaMojo.doExec(ExecJavaMojo.java:374)
	at org.codehaus.mojo.exec.ExecJavaMojo.lambda$execute$0(ExecJavaMojo.java:296)
	at java.base/java.lang.Thread.run(Thread.java:1583)
Caused by: java.lang.IllegalStateException: For queries with named parameters you need to provide names for method parameters; Use @Param for query method parameters, or when on Java 8+ use the javac flag -parameters
	at org.springframework.data.jpa.repository.query.QueryParameterSetterFactory.lambda$1(QueryParameterSetterFactory.java:137)
	at java.base/java.util.Optional.orElseThrow(Optional.java:403)
	at org.springframework.data.jpa.repository.query.QueryParameterSetterFactory.getRequiredName(QueryParameterSetterFactory.java:137)
	at org.springframework.data.jpa.repository.query.QueryParameterSetterFactory.findParameterForBinding(QueryParameterSetterFactory.java:128)
	at org.springframework.data.jpa.repository.query.QueryParameterSetterFactory$BasicQueryParameterSetterFactory.create(QueryParameterSetterFactory.java:244)
	at org.springframework.data.jpa.repository.query.ParameterBinderFactory.createQueryParameterSetter(ParameterBinderFactory.java:146)
	at org.springframework.data.jpa.repository.query.ParameterBinderFactory.createSetters(ParameterBinderFactory.java:135)
	at org.springframework.data.jpa.repository.query.ParameterBinderFactory.createQueryAwareBinder(ParameterBinderFactory.java:102)
	at org.springframework.data.jpa.repository.query.AbstractStringBasedJpaQuery.createBinder(AbstractStringBasedJpaQuery.java:141)
	at org.springframework.data.jpa.repository.query.AbstractStringBasedJpaQuery.createBinder(AbstractStringBasedJpaQuery.java:137)
	at org.springframework.data.util.Lazy.getNullable(Lazy.java:135)
	at org.springframework.data.util.Lazy.get(Lazy.java:113)
	at org.springframework.data.jpa.repository.query.AbstractStringBasedJpaQuery.doCreateQuery(AbstractStringBasedJpaQuery.java:128)
	at org.springframework.data.jpa.repository.query.AbstractJpaQuery.createQuery(AbstractJpaQuery.java:243)
	at org.springframework.data.jpa.repository.query.JpaQueryExecution$CollectionExecution.doExecute(JpaQueryExecution.java:130)
	at org.springframework.data.jpa.repository.query.JpaQueryExecution.execute(JpaQueryExecution.java:93)
	at org.springframework.data.jpa.repository.query.AbstractJpaQuery.doExecute(AbstractJpaQuery.java:152)
	at org.springframework.data.jpa.repository.query.AbstractJpaQuery.execute(AbstractJpaQuery.java:140)
	at org.springframework.data.repository.core.support.RepositoryMethodInvoker.doInvoke(RepositoryMethodInvoker.java:170)
	at org.springframework.data.repository.core.support.RepositoryMethodInvoker.invoke(RepositoryMethodInvoker.java:158)
	at org.springframework.data.repository.core.support.QueryExecutorMethodInterceptor.doInvoke(QueryExecutorMethodInterceptor.java:170)
	at org.springframework.data.repository.core.support.QueryExecutorMethodInterceptor.invoke(QueryExecutorMethodInterceptor.java:149)
	at org.springframework.aop.framework.ReflectiveMethodInvocation.proceed(ReflectiveMethodInvocation.java:184)
	at org.springframework.data.projection.DefaultMethodInvokingMethodInterceptor.invoke(DefaultMethodInvokingMethodInterceptor.java:69)
	at org.springframework.aop.framework.ReflectiveMethodInvocation.proceed(ReflectiveMethodInvocation.java:184)
	at org.springframework.transaction.interceptor.TransactionAspectSupport.invokeWithinTransaction(TransactionAspectSupport.java:380)
	at org.springframework.transaction.interceptor.TransactionInterceptor.invoke(TransactionInterceptor.java:119)
	at org.springframework.aop.framework.ReflectiveMethodInvocation.proceed(ReflectiveMethodInvocation.java:184)
	at org.springframework.dao.support.PersistenceExceptionTranslationInterceptor.invoke(PersistenceExceptionTranslationInterceptor.java:138)
	... 25 more

================================================================================
Lesson 14 — @EntityGraph reduces N+1 when loading associations.
Recorded: 2026-04-12T18:21:09.535435783Z
--------------------------------------------------------------------------------
org.hibernate.LazyInitializationException: failed to lazily initialize a collection of role: com.example.springdata.interview.sddata.l14.Sd14BlogPost.comments: could not initialize proxy - no Session
	at org.hibernate.collection.spi.AbstractPersistentCollection.throwLazyInitializationException(AbstractPersistentCollection.java:634)
	at org.hibernate.collection.spi.AbstractPersistentCollection.withTemporarySessionIfNeeded(AbstractPersistentCollection.java:217)
	at org.hibernate.collection.spi.AbstractPersistentCollection.readSize(AbstractPersistentCollection.java:148)
	at org.hibernate.collection.spi.PersistentBag.size(PersistentBag.java:355)
	at com.example.springdata.interview.sddata.config.SpringDataLessons01To17Config.lambda$lesson14$13(SpringDataLessons01To17Config.java:237)
	at com.example.springdata.interview.sddata.StudyLessonFactory$1.run(StudyLessonFactory.java:19)
	at com.example.springdata.interview.sddata.LessonRuntime.runLesson(LessonRuntime.java:28)
	at com.example.springdata.interview.lesson.SpringDataLesson.run(SpringDataLesson.java:86)
	at com.example.springdata.interview.cli.SpringDataStudyCli.runLesson(SpringDataStudyCli.java:134)
	at com.example.springdata.interview.cli.SpringDataStudyCli$RunAll.call(SpringDataStudyCli.java:106)
	at com.example.springdata.interview.cli.SpringDataStudyCli$RunAll.call(SpringDataStudyCli.java:88)
	at picocli.CommandLine.executeUserObject(CommandLine.java:2041)
	at picocli.CommandLine.access$1500(CommandLine.java:148)
	at picocli.CommandLine$RunLast.executeUserObjectOfLastSubcommandWithSameParent(CommandLine.java:2461)
	at picocli.CommandLine$RunLast.handle(CommandLine.java:2453)
	at picocli.CommandLine$RunLast.handle(CommandLine.java:2415)
	at picocli.CommandLine$AbstractParseResultHandler.execute(CommandLine.java:2273)
	at picocli.CommandLine$RunLast.execute(CommandLine.java:2417)
	at picocli.CommandLine.execute(CommandLine.java:2170)
	at com.example.springdata.interview.cli.SpringDataStudyCli.main(SpringDataStudyCli.java:50)
	at org.codehaus.mojo.exec.ExecJavaMojo.doMain(ExecJavaMojo.java:385)
	at org.codehaus.mojo.exec.ExecJavaMojo.doExec(ExecJavaMojo.java:374)
	at org.codehaus.mojo.exec.ExecJavaMojo.lambda$execute$0(ExecJavaMojo.java:296)
	at java.base/java.lang.Thread.run(Thread.java:1583)

================================================================================
Lesson 17 — save(): persist vs merge depending on whether the entity is new or detached.
Recorded: 2026-04-12T18:21:11.894255773Z
--------------------------------------------------------------------------------
jakarta.persistence.TransactionRequiredException: No EntityManager with actual transaction available for current thread - cannot reliably process 'flush' call
	at org.springframework.orm.jpa.SharedEntityManagerCreator$SharedEntityManagerInvocationHandler.invoke(SharedEntityManagerCreator.java:304)
	at jdk.proxy3/jdk.proxy3.$Proxy154.flush(Unknown Source)
	at com.example.springdata.interview.sddata.config.SpringDataLessons01To17Config.lambda$lesson17$16(SpringDataLessons01To17Config.java:283)
	at com.example.springdata.interview.sddata.StudyLessonFactory$1.run(StudyLessonFactory.java:19)
	at com.example.springdata.interview.sddata.LessonRuntime.runLesson(LessonRuntime.java:28)
	at com.example.springdata.interview.lesson.SpringDataLesson.run(SpringDataLesson.java:86)
	at com.example.springdata.interview.cli.SpringDataStudyCli.runLesson(SpringDataStudyCli.java:134)
	at com.example.springdata.interview.cli.SpringDataStudyCli$RunAll.call(SpringDataStudyCli.java:106)
	at com.example.springdata.interview.cli.SpringDataStudyCli$RunAll.call(SpringDataStudyCli.java:88)
	at picocli.CommandLine.executeUserObject(CommandLine.java:2041)
	at picocli.CommandLine.access$1500(CommandLine.java:148)
	at picocli.CommandLine$RunLast.executeUserObjectOfLastSubcommandWithSameParent(CommandLine.java:2461)
	at picocli.CommandLine$RunLast.handle(CommandLine.java:2453)
	at picocli.CommandLine$RunLast.handle(CommandLine.java:2415)
	at picocli.CommandLine$AbstractParseResultHandler.execute(CommandLine.java:2273)
	at picocli.CommandLine$RunLast.execute(CommandLine.java:2417)
	at picocli.CommandLine.execute(CommandLine.java:2170)
	at com.example.springdata.interview.cli.SpringDataStudyCli.main(SpringDataStudyCli.java:50)
	at org.codehaus.mojo.exec.ExecJavaMojo.doMain(ExecJavaMojo.java:385)
	at org.codehaus.mojo.exec.ExecJavaMojo.doExec(ExecJavaMojo.java:374)
	at org.codehaus.mojo.exec.ExecJavaMojo.lambda$execute$0(ExecJavaMojo.java:296)
	at java.base/java.lang.Thread.run(Thread.java:1583)

================================================================================
Lesson 21 — flush() sends SQL early; still within the same transaction boundary.
Recorded: 2026-04-12T18:21:15.340943207Z
--------------------------------------------------------------------------------
jakarta.persistence.TransactionRequiredException: No EntityManager with actual transaction available for current thread - cannot reliably process 'flush' call
	at org.springframework.orm.jpa.SharedEntityManagerCreator$SharedEntityManagerInvocationHandler.invoke(SharedEntityManagerCreator.java:304)
	at jdk.proxy3/jdk.proxy3.$Proxy154.flush(Unknown Source)
	at com.example.springdata.interview.sddata.config.SpringDataLessons18To33Config.lambda$lesson21$6(SpringDataLessons18To33Config.java:116)
	at com.example.springdata.interview.sddata.StudyLessonFactory$1.run(StudyLessonFactory.java:19)
	at com.example.springdata.interview.sddata.LessonRuntime.runLesson(LessonRuntime.java:28)
	at com.example.springdata.interview.lesson.SpringDataLesson.run(SpringDataLesson.java:86)
	at com.example.springdata.interview.cli.SpringDataStudyCli.runLesson(SpringDataStudyCli.java:134)
	at com.example.springdata.interview.cli.SpringDataStudyCli$RunAll.call(SpringDataStudyCli.java:106)
	at com.example.springdata.interview.cli.SpringDataStudyCli$RunAll.call(SpringDataStudyCli.java:88)
	at picocli.CommandLine.executeUserObject(CommandLine.java:2041)
	at picocli.CommandLine.access$1500(CommandLine.java:148)
	at picocli.CommandLine$RunLast.executeUserObjectOfLastSubcommandWithSameParent(CommandLine.java:2461)
	at picocli.CommandLine$RunLast.handle(CommandLine.java:2453)
	at picocli.CommandLine$RunLast.handle(CommandLine.java:2415)
	at picocli.CommandLine$AbstractParseResultHandler.execute(CommandLine.java:2273)
	at picocli.CommandLine$RunLast.execute(CommandLine.java:2417)
	at picocli.CommandLine.execute(CommandLine.java:2170)
	at com.example.springdata.interview.cli.SpringDataStudyCli.main(SpringDataStudyCli.java:50)
	at org.codehaus.mojo.exec.ExecJavaMojo.doMain(ExecJavaMojo.java:385)
	at org.codehaus.mojo.exec.ExecJavaMojo.doExec(ExecJavaMojo.java:374)
	at org.codehaus.mojo.exec.ExecJavaMojo.lambda$execute$0(ExecJavaMojo.java:296)
	at java.base/java.lang.Thread.run(Thread.java:1583)

================================================================================
Lesson 23 — getReferenceById: lazy proxy; findById: Optional with round-trip when absent.
Recorded: 2026-04-12T18:21:16.579328962Z
--------------------------------------------------------------------------------
jakarta.persistence.TransactionRequiredException: No EntityManager with actual transaction available for current thread - cannot reliably process 'flush' call
	at org.springframework.orm.jpa.SharedEntityManagerCreator$SharedEntityManagerInvocationHandler.invoke(SharedEntityManagerCreator.java:304)
	at jdk.proxy3/jdk.proxy3.$Proxy154.flush(Unknown Source)
	at com.example.springdata.interview.sddata.config.SpringDataLessons18To33Config.lambda$lesson23$8(SpringDataLessons18To33Config.java:142)
	at com.example.springdata.interview.sddata.StudyLessonFactory$1.run(StudyLessonFactory.java:19)
	at com.example.springdata.interview.sddata.LessonRuntime.runLesson(LessonRuntime.java:28)
	at com.example.springdata.interview.lesson.SpringDataLesson.run(SpringDataLesson.java:86)
	at com.example.springdata.interview.cli.SpringDataStudyCli.runLesson(SpringDataStudyCli.java:134)
	at com.example.springdata.interview.cli.SpringDataStudyCli$RunAll.call(SpringDataStudyCli.java:106)
	at com.example.springdata.interview.cli.SpringDataStudyCli$RunAll.call(SpringDataStudyCli.java:88)
	at picocli.CommandLine.executeUserObject(CommandLine.java:2041)
	at picocli.CommandLine.access$1500(CommandLine.java:148)
	at picocli.CommandLine$RunLast.executeUserObjectOfLastSubcommandWithSameParent(CommandLine.java:2461)
	at picocli.CommandLine$RunLast.handle(CommandLine.java:2453)
	at picocli.CommandLine$RunLast.handle(CommandLine.java:2415)
	at picocli.CommandLine$AbstractParseResultHandler.execute(CommandLine.java:2273)
	at picocli.CommandLine$RunLast.execute(CommandLine.java:2417)
	at picocli.CommandLine.execute(CommandLine.java:2170)
	at com.example.springdata.interview.cli.SpringDataStudyCli.main(SpringDataStudyCli.java:50)
	at org.codehaus.mojo.exec.ExecJavaMojo.doMain(ExecJavaMojo.java:385)
	at org.codehaus.mojo.exec.ExecJavaMojo.doExec(ExecJavaMojo.java:374)
	at org.codehaus.mojo.exec.ExecJavaMojo.lambda$execute$0(ExecJavaMojo.java:296)
	at java.base/java.lang.Thread.run(Thread.java:1583)

================================================================================
Lesson 31 — Spring Data JDBC: small aggregates, explicit SQL, no lazy navigation.
Recorded: 2026-04-12T18:21:21.997705410Z
--------------------------------------------------------------------------------
org.springframework.data.relational.core.conversion.DbActionExecutionException: Failed to execute InsertRoot{entity=com.example.springdata.interview.sddata.l31.Sd31JdbcShipment@419eb421, idValueSource=GENERATED}
	at org.springframework.data.jdbc.core.AggregateChangeExecutor.execute(AggregateChangeExecutor.java:118)
	at org.springframework.data.jdbc.core.AggregateChangeExecutor.lambda$executeSave$0(AggregateChangeExecutor.java:61)
	at java.base/java.util.ArrayList.forEach(ArrayList.java:1596)
	at org.springframework.data.relational.core.conversion.SaveBatchingAggregateChange.forEachAction(SaveBatchingAggregateChange.java:68)
	at org.springframework.data.jdbc.core.AggregateChangeExecutor.executeSave(AggregateChangeExecutor.java:61)
	at org.springframework.data.jdbc.core.JdbcAggregateTemplate.performSave(JdbcAggregateTemplate.java:503)
	at org.springframework.data.jdbc.core.JdbcAggregateTemplate.save(JdbcAggregateTemplate.java:171)
	at org.springframework.data.jdbc.repository.support.SimpleJdbcRepository.save(SimpleJdbcRepository.java:69)
	at java.base/jdk.internal.reflect.DirectMethodHandleAccessor.invoke(DirectMethodHandleAccessor.java:103)
	at java.base/java.lang.reflect.Method.invoke(Method.java:580)
	at org.springframework.aop.support.AopUtils.invokeJoinpointUsingReflection(AopUtils.java:359)
	at org.springframework.data.repository.core.support.RepositoryMethodInvoker$RepositoryFragmentMethodInvoker.lambda$new$0(RepositoryMethodInvoker.java:277)
	at org.springframework.data.repository.core.support.RepositoryMethodInvoker.doInvoke(RepositoryMethodInvoker.java:170)
	at org.springframework.data.repository.core.support.RepositoryMethodInvoker.invoke(RepositoryMethodInvoker.java:158)
	at org.springframework.data.repository.core.support.RepositoryComposition$RepositoryFragments.invoke(RepositoryComposition.java:515)
	at org.springframework.data.repository.core.support.RepositoryComposition.invoke(RepositoryComposition.java:284)
	at org.springframework.data.repository.core.support.RepositoryFactorySupport$ImplementationMethodExecutionInterceptor.invoke(RepositoryFactorySupport.java:752)
	at org.springframework.aop.framework.ReflectiveMethodInvocation.proceed(ReflectiveMethodInvocation.java:184)
	at org.springframework.data.repository.core.support.QueryExecutorMethodInterceptor.doInvoke(QueryExecutorMethodInterceptor.java:174)
	at org.springframework.data.repository.core.support.QueryExecutorMethodInterceptor.invoke(QueryExecutorMethodInterceptor.java:149)
	at org.springframework.aop.framework.ReflectiveMethodInvocation.proceed(ReflectiveMethodInvocation.java:184)
	at org.springframework.data.projection.DefaultMethodInvokingMethodInterceptor.invoke(DefaultMethodInvokingMethodInterceptor.java:69)
	at org.springframework.aop.framework.ReflectiveMethodInvocation.proceed(ReflectiveMethodInvocation.java:184)
	at org.springframework.transaction.interceptor.TransactionAspectSupport.invokeWithinTransaction(TransactionAspectSupport.java:380)
	at org.springframework.transaction.interceptor.TransactionInterceptor.invoke(TransactionInterceptor.java:119)
	at org.springframework.aop.framework.ReflectiveMethodInvocation.proceed(ReflectiveMethodInvocation.java:184)
	at org.springframework.dao.support.PersistenceExceptionTranslationInterceptor.invoke(PersistenceExceptionTranslationInterceptor.java:138)
	at org.springframework.aop.framework.ReflectiveMethodInvocation.proceed(ReflectiveMethodInvocation.java:184)
	at org.springframework.aop.framework.JdkDynamicAopProxy.invoke(JdkDynamicAopProxy.java:223)
	at jdk.proxy3/jdk.proxy3.$Proxy194.save(Unknown Source)
	at com.example.springdata.interview.sddata.config.SpringDataLessons18To33Config.lambda$lesson31$16(SpringDataLessons18To33Config.java:237)
	at com.example.springdata.interview.sddata.StudyLessonFactory$1.run(StudyLessonFactory.java:19)
	at com.example.springdata.interview.sddata.LessonRuntime.runLesson(LessonRuntime.java:28)
	at com.example.springdata.interview.lesson.SpringDataLesson.run(SpringDataLesson.java:86)
	at com.example.springdata.interview.cli.SpringDataStudyCli.runLesson(SpringDataStudyCli.java:134)
	at com.example.springdata.interview.cli.SpringDataStudyCli$RunAll.call(SpringDataStudyCli.java:106)
	at com.example.springdata.interview.cli.SpringDataStudyCli$RunAll.call(SpringDataStudyCli.java:88)
	at picocli.CommandLine.executeUserObject(CommandLine.java:2041)
	at picocli.CommandLine.access$1500(CommandLine.java:148)
	at picocli.CommandLine$RunLast.executeUserObjectOfLastSubcommandWithSameParent(CommandLine.java:2461)
	at picocli.CommandLine$RunLast.handle(CommandLine.java:2453)
	at picocli.CommandLine$RunLast.handle(CommandLine.java:2415)
	at picocli.CommandLine$AbstractParseResultHandler.execute(CommandLine.java:2273)
	at picocli.CommandLine$RunLast.execute(CommandLine.java:2417)
	at picocli.CommandLine.execute(CommandLine.java:2170)
	at com.example.springdata.interview.cli.SpringDataStudyCli.main(SpringDataStudyCli.java:50)
	at org.codehaus.mojo.exec.ExecJavaMojo.doMain(ExecJavaMojo.java:385)
	at org.codehaus.mojo.exec.ExecJavaMojo.doExec(ExecJavaMojo.java:374)
	at org.codehaus.mojo.exec.ExecJavaMojo.lambda$execute$0(ExecJavaMojo.java:296)
	at java.base/java.lang.Thread.run(Thread.java:1583)
Caused by: org.springframework.jdbc.BadSqlGrammarException: PreparedStatementCallback; bad SQL grammar [INSERT INTO "sd31_shipments" ("TRACKING_CODE") VALUES (?)]
	at org.springframework.jdbc.support.SQLExceptionSubclassTranslator.doTranslate(SQLExceptionSubclassTranslator.java:103)
	at org.springframework.jdbc.support.AbstractFallbackSQLExceptionTranslator.translate(AbstractFallbackSQLExceptionTranslator.java:107)
	at org.springframework.jdbc.core.JdbcTemplate.translateException(JdbcTemplate.java:1556)
	at org.springframework.jdbc.core.JdbcTemplate.execute(JdbcTemplate.java:677)
	at org.springframework.jdbc.core.JdbcTemplate.update(JdbcTemplate.java:1003)
	at org.springframework.jdbc.core.namedparam.NamedParameterJdbcTemplate.update(NamedParameterJdbcTemplate.java:365)
	at org.springframework.jdbc.core.namedparam.NamedParameterJdbcTemplate.update(NamedParameterJdbcTemplate.java:349)
	at org.springframework.data.jdbc.core.convert.IdGeneratingInsertStrategy.execute(IdGeneratingInsertStrategy.java:68)
	at org.springframework.data.jdbc.core.convert.DefaultDataAccessStrategy.insert(DefaultDataAccessStrategy.java:110)
	at org.springframework.data.jdbc.core.JdbcAggregateChangeExecutionContext.executeInsertRoot(JdbcAggregateChangeExecutionContext.java:75)
	at org.springframework.data.jdbc.core.AggregateChangeExecutor.execute(AggregateChangeExecutor.java:85)
	... 49 more
Caused by: org.h2.jdbc.JdbcSQLSyntaxErrorException: Table "sd31_shipments" not found (candidates are: "SD31_SHIPMENTS"); SQL statement:
INSERT INTO "sd31_shipments" ("TRACKING_CODE") VALUES (?) [42103-224]
	at org.h2.message.DbException.getJdbcSQLException(DbException.java:514)
	at org.h2.message.DbException.getJdbcSQLException(DbException.java:489)
	at org.h2.message.DbException.get(DbException.java:223)
	at org.h2.command.Parser.getTableOrViewNotFoundDbException(Parser.java:8067)
	at org.h2.command.Parser.getTableOrViewNotFoundDbException(Parser.java:8035)
	at org.h2.command.Parser.readTableOrView(Parser.java:8024)
	at org.h2.command.Parser.readTableOrView(Parser.java:7990)
	at org.h2.command.Parser.parseInsert(Parser.java:1540)
	at org.h2.command.Parser.parsePrepared(Parser.java:719)
	at org.h2.command.Parser.parse(Parser.java:592)
	at org.h2.command.Parser.parse(Parser.java:564)
	at org.h2.command.Parser.prepareCommand(Parser.java:483)
	at org.h2.engine.SessionLocal.prepareLocal(SessionLocal.java:639)
	at org.h2.engine.SessionLocal.prepareCommand(SessionLocal.java:559)
	at org.h2.jdbc.JdbcConnection.prepareCommand(JdbcConnection.java:1166)
	at org.h2.jdbc.JdbcPreparedStatement.<init>(JdbcPreparedStatement.java:93)
	at org.h2.jdbc.JdbcConnection.prepareStatement(JdbcConnection.java:1094)
	at com.zaxxer.hikari.pool.ProxyConnection.prepareStatement(ProxyConnection.java:335)
	at com.zaxxer.hikari.pool.HikariProxyConnection.prepareStatement(HikariProxyConnection.java)
	at org.springframework.jdbc.core.PreparedStatementCreatorFactory$PreparedStatementCreatorImpl.createPreparedStatement(PreparedStatementCreatorFactory.java:235)
	at org.springframework.jdbc.core.JdbcTemplate.execute(JdbcTemplate.java:656)
	... 56 more

